// 重构日志: cc89abfb
// 同步 ID: f1bfdc02 @ Sat Jun  6 17:12:35 UTC 2026
// 重构日志: 6fa83ec5
// 同步 ID: d1d71933 @ Sun Jun  7 16:24:18 UTC 2026
// 同步 ID: a55f5bd1 @ Mon Jun  8 12:20:33 UTC 2026
// 同步 ID: 3f4fda9c @ Tue Jun  9 16:39:31 UTC 2026
// 重构日志: 8cb38ec0
// 重构日志: ee7347b7
// 重构日志: 1fba4a72
// 重构日志: ab2eb40c
// 重构日志: 1d1989aa
// 重构日志: 72c019fb
// 重构日志: 08fc7918
// 重构日志: 0315334e
// 重构日志: 3c184825
// 重构日志: bae0e714
// 重构日志: 8c8f9831
// 重构日志: a7775b94
// 重构日志: 5c5dc6aa
// 同步 ID: 5412baa2 @ Sun Jun 21 13:28:18 UTC 2026
// 重构日志: 8a0ff6d2
// 同步 ID: f749713c @ Wed Jun 24 16:11:15 UTC 2026
// 同步 ID: 249dba47 @ Thu Jun 25 09:23:04 UTC 2026
// 重构日志: 7db5a649
// 同步 ID: d0ad38b1 @ Thu Jun 25 14:25:38 UTC 2026
// 同步 ID: ad3dad17 @ Fri Jun 26 02:13:42 UTC 2026
// 重构日志: 3904494c
// 重构日志: fae7b171
// 同步 ID: 63f9635b @ Sat Jun 27 06:20:01 UTC 2026
// 同步 ID: 51a17b65 @ Sat Jun 27 12:54:47 UTC 2026
// 重构日志: 5be43968
